# JRE version: Java(TM) SE Runtime Environment (17.0.7+8) (build 17.0.7+8-LTS-224)
# Java VM: Java HotSpot(TM) 64-Bit Server VM (17.0.7+8-LTS-224, mixed mode, sharing, tiered, compressed oops, compressed class ptrs, g1 gc, windows-amd64)
GC Precious Log:
 CPUs: 2 total, 2 available
 Memory: 4095M
 Large Page Support: Disabled
 NUMA Support: Disabled
 Compressed Oops: Enabled (32-bit)
 Heap Region Size: 1M
 Heap Min Capacity: 8M
 Heap Initial Capacity: 64M
 Heap Max Capacity: 1G
 Pre-touch: Disabled
 Parallel Workers: 2
 Concurrent Workers: 1
 Concurrent Refinement Workers: 2
 Periodic GC: Disabled
Heap:
 garbage-first heap   total 54272K, used 34779K [0x00000000c0000000, 0x0000000100000000)
  region size 1024K, 8 young (8192K), 1 survivors (1024K)
 Metaspace       used 64000K, committed 64384K, reserved 1105920K
  class space    used 8611K, committed 8768K, reserved 1048576K
GC Heap History (20 events):
Event: 23.165 GC heap before
{Heap before GC invocations=25 (full 0):
 garbage-first heap   total 54272K, used 43136K [0x00000000c0000000, 0x0000000100000000)
  region size 1024K, 21 young (21504K), 3 survivors (3072K)
 Metaspace       used 55383K, committed 55744K, reserved 1097728K
  class space    used 7560K, committed 7744K, reserved 1048576K
}
Event: 23.174 GC heap after
{Heap after GC invocations=26 (full 0):
 garbage-first heap   total 54272K, used 26136K [0x00000000c0000000, 0x0000000100000000)
  region size 1024K, 3 young (3072K), 3 survivors (3072K)
 Metaspace       used 55383K, committed 55744K, reserved 1097728K
  class space    used 7560K, committed 7744K, reserved 1048576K
}
Event: 23.976 GC heap before
{Heap before GC invocations=26 (full 0):
 garbage-first heap   total 54272K, used 43544K [0x00000000c0000000, 0x0000000100000000)
  region size 1024K, 20 young (20480K), 3 survivors (3072K)
 Metaspace       used 56947K, committed 57280K, reserved 1105920K
  class space    used 7781K, committed 7936K, reserved 1048576K
}
Event: 23.990 GC heap after
{Heap after GC invocations=27 (full 0):
 garbage-first heap   total 54272K, used 27626K [0x00000000c0000000, 0x0000000100000000)
  region size 1024K, 3 young (3072K), 3 survivors (3072K)
 Metaspace       used 56947K, committed 57280K, reserved 1105920K
  class space    used 7781K, committed 7936K, reserved 1048576K
}
Event: 274.787 GC heap before
{Heap before GC invocations=27 (full 0):
 garbage-first heap   total 54272K, used 44010K [0x00000000c0000000, 0x0000000100000000)
  region size 1024K, 19 young (19456K), 3 survivors (3072K)
 Metaspace       used 57487K, committed 57856K, reserved 1105920K
  class space    used 7835K, committed 8064K, reserved 1048576K
}
Event: 274.815 GC heap after
{Heap after GC invocations=28 (full 0):
 garbage-first heap   total 54272K, used 28112K [0x00000000c0000000, 0x0000000100000000)
  region size 1024K, 1 young (1024K), 1 survivors (1024K)
 Metaspace       used 57487K, committed 57856K, reserved 1105920K
  class space    used 7835K, committed 8064K, reserved 1048576K
}
Event: 587.937 GC heap before
{Heap before GC invocations=29 (full 0):
 garbage-first heap   total 54272K, used 44496K [0x00000000c0000000, 0x0000000100000000)
  region size 1024K, 17 young (17408K), 1 survivors (1024K)
 Metaspace       used 57500K, committed 57856K, reserved 1105920K
  class space    used 7833K, committed 8064K, reserved 1048576K
}
Event: 587.947 GC heap after
{Heap after GC invocations=30 (full 0):
 garbage-first heap   total 54272K, used 27705K [0x00000000c0000000, 0x0000000100000000)
  region size 1024K, 1 young (1024K), 1 survivors (1024K)
 Metaspace       used 57500K, committed 57856K, reserved 1105920K
  class space    used 7833K, committed 8064K, reserved 1048576K
}
Event: 901.336 GC heap before
{Heap before GC invocations=30 (full 0):
 garbage-first heap   total 54272K, used 44089K [0x00000000c0000000, 0x0000000100000000)
  region size 1024K, 17 young (17408K), 1 survivors (1024K)
 Metaspace       used 57522K, committed 57920K, reserved 1105920K
  class space    used 7833K, committed 8064K, reserved 1048576K
}
Event: 901.345 GC heap after
{Heap after GC invocations=31 (full 0):
 garbage-first heap   total 54272K, used 27698K [0x00000000c0000000, 0x0000000100000000)
  region size 1024K, 1 young (1024K), 1 survivors (1024K)
 Metaspace       used 57522K, committed 57920K, reserved 1105920K
  class space    used 7833K, committed 8064K, reserved 1048576K
}
Event: 1080.746 GC heap before
{Heap before GC invocations=32 (full 0):
 garbage-first heap   total 54272K, used 44082K [0x00000000c0000000, 0x0000000100000000)
  region size 1024K, 18 young (18432K), 1 survivors (1024K)
 Metaspace       used 59351K, committed 59712K, reserved 1105920K
  class space    used 8063K, committed 8256K, reserved 1048576K
}
Event: 1080.870 GC heap after
{Heap after GC invocations=33 (full 0):
 garbage-first heap   total 54272K, used 28374K [0x00000000c0000000, 0x0000000100000000)
  region size 1024K, 1 young (1024K), 1 survivors (1024K)
 Metaspace       used 59351K, committed 59712K, reserved 1105920K
  class space    used 8063K, committed 8256K, reserved 1048576K
}
Event: 1130.721 GC heap before
{Heap before GC invocations=33 (full 0):
 garbage-first heap   total 54272K, used 43734K [0x00000000c0000000, 0x0000000100000000)
  region size 1024K, 17 young (17408K), 1 survivors (1024K)
 Metaspace       used 62456K, committed 62848K, reserved 1105920K
  class space    used 8434K, committed 8640K, reserved 1048576K
}
Event: 1130.753 GC heap after
{Heap after GC invocations=34 (full 0):
 garbage-first heap   total 54272K, used 29090K [0x00000000c0000000, 0x0000000100000000)
  region size 1024K, 2 young (2048K), 2 survivors (2048K)
 Metaspace       used 62456K, committed 62848K, reserved 1105920K
  class space    used 8434K, committed 8640K, reserved 1048576K
}
Event: 1265.529 GC heap before
{Heap before GC invocations=35 (full 0):
 garbage-first heap   total 54272K, used 43426K [0x00000000c0000000, 0x0000000100000000)
  region size 1024K, 17 young (17408K), 2 survivors (2048K)
 Metaspace       used 63991K, committed 64384K, reserved 1105920K
  class space    used 8611K, committed 8768K, reserved 1048576K
}
Event: 1265.560 GC heap after
{Heap after GC invocations=36 (full 0):
 garbage-first heap   total 54272K, used 29415K [0x00000000c0000000, 0x0000000100000000)
  region size 1024K, 2 young (2048K), 2 survivors (2048K)
 Metaspace       used 63991K, committed 64384K, reserved 1105920K
  class space    used 8611K, committed 8768K, reserved 1048576K
}
Event: 1284.119 GC heap before
{Heap before GC invocations=36 (full 0):
 garbage-first heap   total 54272K, used 30439K [0x00000000c0000000, 0x0000000100000000)
  region size 1024K, 3 young (3072K), 2 survivors (2048K)
 Metaspace       used 63991K, committed 64384K, reserved 1105920K
  class space    used 8611K, committed 8768K, reserved 1048576K
}
Event: 1284.223 GC heap after
{Heap after GC invocations=37 (full 0):
 garbage-first heap   total 54272K, used 28874K [0x00000000c0000000, 0x0000000100000000)
  region size 1024K, 1 young (1024K), 1 survivors (1024K)
 Metaspace       used 63991K, committed 64384K, reserved 1105920K
  class space    used 8611K, committed 8768K, reserved 1048576K
}
Event: 1576.843 GC heap before
{Heap before GC invocations=37 (full 0):
 garbage-first heap   total 54272K, used 44234K [0x00000000c0000000, 0x0000000100000000)
  region size 1024K, 16 young (16384K), 1 survivors (1024K)
 Metaspace       used 63993K, committed 64384K, reserved 1105920K
  class space    used 8611K, committed 8768K, reserved 1048576K
}
Event: 1576.845 GC heap after
{Heap after GC invocations=38 (full 0):
 garbage-first heap   total 54272K, used 28635K [0x00000000c0000000, 0x0000000100000000)
  region size 1024K, 1 young (1024K), 1 survivors (1024K)
 Metaspace       used 63993K, committed 64384K, reserved 1105920K
  class space    used 8611K, committed 8768K, reserved 1048576K
}

