# JRE version: Java(TM) SE Runtime Environment (17.0.7+8) (build 17.0.7+8-LTS-224)
# Java VM: Java HotSpot(TM) 64-Bit Server VM (17.0.7+8-LTS-224, mixed mode, sharing, tiered, compressed oops, compressed class ptrs, g1 gc, windows-amd64)
GC Precious Log:
 CPUs: 2 total, 2 available
 Memory: 4095M
 Large Page Support: Disabled
 NUMA Support: Disabled
 Compressed Oops: Enabled (32-bit)
 Heap Region Size: 1M
 Heap Min Capacity: 8M
 Heap Initial Capacity: 64M
 Heap Max Capacity: 1G
 Pre-touch: Disabled
 Parallel Workers: 2
 Concurrent Workers: 1
 Concurrent Refinement Workers: 2
 Periodic GC: Disabled
Heap:
 garbage-first heap   total 70656K, used 36810K [0x00000000c0000000, 0x0000000100000000)
  region size 1024K, 24 young (24576K), 3 survivors (3072K)
 Metaspace       used 31338K, committed 31616K, reserved 1081344K
  class space    used 4031K, committed 4160K, reserved 1048576K
GC Heap History (18 events):
Event: 0.303 GC heap before
{Heap before GC invocations=0 (full 0):
 garbage-first heap   total 65536K, used 6144K [0x00000000c0000000, 0x0000000100000000)
  region size 1024K, 6 young (6144K), 0 survivors (0K)
 Metaspace       used 771K, committed 896K, reserved 1056768K
  class space    used 46K, committed 128K, reserved 1048576K
}
Event: 0.309 GC heap after
{Heap after GC invocations=1 (full 0):
 garbage-first heap   total 65536K, used 4938K [0x00000000c0000000, 0x0000000100000000)
  region size 1024K, 1 young (1024K), 1 survivors (1024K)
 Metaspace       used 771K, committed 896K, reserved 1056768K
  class space    used 46K, committed 128K, reserved 1048576K
}
Event: 0.529 GC heap before
{Heap before GC invocations=1 (full 0):
 garbage-first heap   total 65536K, used 8010K [0x00000000c0000000, 0x0000000100000000)
  region size 1024K, 4 young (4096K), 1 survivors (1024K)
 Metaspace       used 1944K, committed 2112K, reserved 1056768K
  class space    used 171K, committed 256K, reserved 1048576K
}
Event: 0.534 GC heap after
{Heap after GC invocations=2 (full 0):
 garbage-first heap   total 65536K, used 6133K [0x00000000c0000000, 0x0000000100000000)
  region size 1024K, 1 young (1024K), 1 survivors (1024K)
 Metaspace       used 1944K, committed 2112K, reserved 1056768K
  class space    used 171K, committed 256K, reserved 1048576K
}
Event: 0.962 GC heap before
{Heap before GC invocations=2 (full 0):
 garbage-first heap   total 65536K, used 13301K [0x00000000c0000000, 0x0000000100000000)
  region size 1024K, 8 young (8192K), 1 survivors (1024K)
 Metaspace       used 4183K, committed 4352K, reserved 1056768K
  class space    used 446K, committed 576K, reserved 1048576K
}
Event: 0.969 GC heap after
{Heap after GC invocations=3 (full 0):
 garbage-first heap   total 65536K, used 6726K [0x00000000c0000000, 0x0000000100000000)
  region size 1024K, 1 young (1024K), 1 survivors (1024K)
 Metaspace       used 4183K, committed 4352K, reserved 1056768K
  class space    used 446K, committed 576K, reserved 1048576K
}
Event: 3.102 GC heap before
{Heap before GC invocations=3 (full 0):
 garbage-first heap   total 65536K, used 39494K [0x00000000c0000000, 0x0000000100000000)
  region size 1024K, 34 young (34816K), 1 survivors (1024K)
 Metaspace       used 12149K, committed 12416K, reserved 1064960K
  class space    used 1619K, committed 1728K, reserved 1048576K
}
Event: 3.111 GC heap after
{Heap after GC invocations=4 (full 0):
 garbage-first heap   total 65536K, used 8971K [0x00000000c0000000, 0x0000000100000000)
  region size 1024K, 3 young (3072K), 3 survivors (3072K)
 Metaspace       used 12149K, committed 12416K, reserved 1064960K
  class space    used 1619K, committed 1728K, reserved 1048576K
}
Event: 5.435 GC heap before
{Heap before GC invocations=4 (full 0):
 garbage-first heap   total 65536K, used 42763K [0x00000000c0000000, 0x0000000100000000)
  region size 1024K, 37 young (37888K), 3 survivors (3072K)
 Metaspace       used 18890K, committed 19072K, reserved 1073152K
  class space    used 2393K, committed 2496K, reserved 1048576K
}
Event: 5.447 GC heap after
{Heap after GC invocations=5 (full 0):
 garbage-first heap   total 65536K, used 11154K [0x00000000c0000000, 0x0000000100000000)
  region size 1024K, 5 young (5120K), 5 survivors (5120K)
 Metaspace       used 18890K, committed 19072K, reserved 1073152K
  class space    used 2393K, committed 2496K, reserved 1048576K
}
Event: 6.559 GC heap before
{Heap before GC invocations=5 (full 0):
 garbage-first heap   total 65536K, used 31634K [0x00000000c0000000, 0x0000000100000000)
  region size 1024K, 26 young (26624K), 5 survivors (5120K)
 Metaspace       used 21317K, committed 21504K, reserved 1073152K
  class space    used 2712K, committed 2816K, reserved 1048576K
}
Event: 6.571 GC heap after
{Heap after GC invocations=6 (full 0):
 garbage-first heap   total 65536K, used 12301K [0x00000000c0000000, 0x0000000100000000)
  region size 1024K, 4 young (4096K), 4 survivors (4096K)
 Metaspace       used 21317K, committed 21504K, reserved 1073152K
  class space    used 2712K, committed 2816K, reserved 1048576K
}
Event: 8.249 GC heap before
{Heap before GC invocations=7 (full 0):
 garbage-first heap   total 45056K, used 34829K [0x00000000c0000000, 0x0000000100000000)
  region size 1024K, 26 young (26624K), 4 survivors (4096K)
 Metaspace       used 24979K, committed 25280K, reserved 1073152K
  class space    used 3241K, committed 3392K, reserved 1048576K
}
Event: 8.264 GC heap after
{Heap after GC invocations=8 (full 0):
 garbage-first heap   total 45056K, used 14182K [0x00000000c0000000, 0x0000000100000000)
  region size 1024K, 4 young (4096K), 4 survivors (4096K)
 Metaspace       used 24979K, committed 25280K, reserved 1073152K
  class space    used 3241K, committed 3392K, reserved 1048576K
}
Event: 8.324 GC heap before
{Heap before GC invocations=8 (full 0):
 garbage-first heap   total 45056K, used 15206K [0x00000000c0000000, 0x0000000100000000)
  region size 1024K, 5 young (5120K), 4 survivors (4096K)
 Metaspace       used 25072K, committed 25344K, reserved 1073152K
  class space    used 3257K, committed 3392K, reserved 1048576K
}
Event: 8.335 GC heap after
{Heap after GC invocations=9 (full 0):
 garbage-first heap   total 45056K, used 14579K [0x00000000c0000000, 0x0000000100000000)
  region size 1024K, 1 young (1024K), 1 survivors (1024K)
 Metaspace       used 25072K, committed 25344K, reserved 1073152K
  class space    used 3257K, committed 3392K, reserved 1048576K
}
Event: 10.219 GC heap before
{Heap before GC invocations=9 (full 0):
 garbage-first heap   total 45056K, used 31987K [0x00000000c0000000, 0x0000000100000000)
  region size 1024K, 19 young (19456K), 1 survivors (1024K)
 Metaspace       used 28961K, committed 29312K, reserved 1081344K
  class space    used 3770K, committed 3968K, reserved 1048576K
}
Event: 10.228 GC heap after
{Heap after GC invocations=10 (full 0):
 garbage-first heap   total 70656K, used 16330K [0x00000000c0000000, 0x0000000100000000)
  region size 1024K, 3 young (3072K), 3 survivors (3072K)
 Metaspace       used 28961K, committed 29312K, reserved 1081344K
  class space    used 3770K, committed 3968K, reserved 1048576K
}

