# JRE version: Java(TM) SE Runtime Environment (17.0.7+8) (build 17.0.7+8-LTS-224)
# Java VM: Java HotSpot(TM) 64-Bit Server VM (17.0.7+8-LTS-224, mixed mode, sharing, tiered, compressed oops, compressed class ptrs, g1 gc, windows-amd64)
GC Precious Log:
 CPUs: 2 total, 2 available
 Memory: 4095M
 Large Page Support: Disabled
 NUMA Support: Disabled
 Compressed Oops: Enabled (32-bit)
 Heap Region Size: 1M
 Heap Min Capacity: 8M
 Heap Initial Capacity: 64M
 Heap Max Capacity: 1G
 Pre-touch: Disabled
 Parallel Workers: 2
 Concurrent Workers: 1
 Concurrent Refinement Workers: 2
 Periodic GC: Disabled
Heap:
 garbage-first heap   total 45056K, used 15755K [0x00000000c0000000, 0x0000000100000000)
  region size 1024K, 3 young (3072K), 1 survivors (1024K)
 Metaspace       used 25610K, committed 25856K, reserved 1073152K
  class space    used 3344K, committed 3456K, reserved 1048576K
GC Heap History (18 events):
Event: 3.554 GC heap before
{Heap before GC invocations=0 (full 0):
 garbage-first heap   total 65536K, used 6144K [0x00000000c0000000, 0x0000000100000000)
  region size 1024K, 6 young (6144K), 0 survivors (0K)
 Metaspace       used 768K, committed 896K, reserved 1056768K
  class space    used 46K, committed 128K, reserved 1048576K
}
Event: 3.565 GC heap after
{Heap after GC invocations=1 (full 0):
 garbage-first heap   total 65536K, used 5319K [0x00000000c0000000, 0x0000000100000000)
  region size 1024K, 1 young (1024K), 1 survivors (1024K)
 Metaspace       used 768K, committed 896K, reserved 1056768K
  class space    used 46K, committed 128K, reserved 1048576K
}
Event: 4.185 GC heap before
{Heap before GC invocations=1 (full 0):
 garbage-first heap   total 65536K, used 7367K [0x00000000c0000000, 0x0000000100000000)
  region size 1024K, 3 young (3072K), 1 survivors (1024K)
 Metaspace       used 1703K, committed 1856K, reserved 1056768K
  class space    used 145K, committed 256K, reserved 1048576K
}
Event: 4.188 GC heap after
{Heap after GC invocations=2 (full 0):
 garbage-first heap   total 65536K, used 5825K [0x00000000c0000000, 0x0000000100000000)
  region size 1024K, 1 young (1024K), 1 survivors (1024K)
 Metaspace       used 1703K, committed 1856K, reserved 1056768K
  class space    used 145K, committed 256K, reserved 1048576K
}
Event: 4.993 GC heap before
{Heap before GC invocations=2 (full 0):
 garbage-first heap   total 65536K, used 12993K [0x00000000c0000000, 0x0000000100000000)
  region size 1024K, 8 young (8192K), 1 survivors (1024K)
 Metaspace       used 4171K, committed 4352K, reserved 1056768K
  class space    used 446K, committed 576K, reserved 1048576K
}
Event: 4.997 GC heap after
{Heap after GC invocations=3 (full 0):
 garbage-first heap   total 65536K, used 6772K [0x00000000c0000000, 0x0000000100000000)
  region size 1024K, 1 young (1024K), 1 survivors (1024K)
 Metaspace       used 4171K, committed 4352K, reserved 1056768K
  class space    used 446K, committed 576K, reserved 1048576K
}
Event: 6.097 GC heap before
{Heap before GC invocations=3 (full 0):
 garbage-first heap   total 65536K, used 19060K [0x00000000c0000000, 0x0000000100000000)
  region size 1024K, 13 young (13312K), 1 survivors (1024K)
 Metaspace       used 6679K, committed 6848K, reserved 1056768K
  class space    used 794K, committed 896K, reserved 1048576K
}
Event: 6.103 GC heap after
{Heap after GC invocations=4 (full 0):
 garbage-first heap   total 65536K, used 7658K [0x00000000c0000000, 0x0000000100000000)
  region size 1024K, 2 young (2048K), 2 survivors (2048K)
 Metaspace       used 6679K, committed 6848K, reserved 1056768K
  class space    used 794K, committed 896K, reserved 1048576K
}
Event: 8.430 GC heap before
{Heap before GC invocations=4 (full 0):
 garbage-first heap   total 65536K, used 43498K [0x00000000c0000000, 0x0000000100000000)
  region size 1024K, 38 young (38912K), 2 survivors (2048K)
 Metaspace       used 15447K, committed 15616K, reserved 1064960K
  class space    used 1991K, committed 2048K, reserved 1048576K
}
Event: 8.441 GC heap after
{Heap after GC invocations=5 (full 0):
 garbage-first heap   total 65536K, used 9892K [0x00000000c0000000, 0x0000000100000000)
  region size 1024K, 4 young (4096K), 4 survivors (4096K)
 Metaspace       used 15447K, committed 15616K, reserved 1064960K
  class space    used 1991K, committed 2048K, reserved 1048576K
}
Event: 10.460 GC heap before
{Heap before GC invocations=5 (full 0):
 garbage-first heap   total 65536K, used 43684K [0x00000000c0000000, 0x0000000100000000)
  region size 1024K, 38 young (38912K), 4 survivors (4096K)
 Metaspace       used 20247K, committed 20480K, reserved 1073152K
  class space    used 2583K, committed 2688K, reserved 1048576K
}
Event: 10.476 GC heap after
{Heap after GC invocations=6 (full 0):
 garbage-first heap   total 65536K, used 11938K [0x00000000c0000000, 0x0000000100000000)
  region size 1024K, 5 young (5120K), 5 survivors (5120K)
 Metaspace       used 20247K, committed 20480K, reserved 1073152K
  class space    used 2583K, committed 2688K, reserved 1048576K
}
Event: 10.806 GC heap before
{Heap before GC invocations=6 (full 0):
 garbage-first heap   total 65536K, used 18082K [0x00000000c0000000, 0x0000000100000000)
  region size 1024K, 12 young (12288K), 5 survivors (5120K)
 Metaspace       used 21264K, committed 21504K, reserved 1073152K
  class space    used 2711K, committed 2816K, reserved 1048576K
}
Event: 10.816 GC heap after
{Heap after GC invocations=7 (full 0):
 garbage-first heap   total 65536K, used 12248K [0x00000000c0000000, 0x0000000100000000)
  region size 1024K, 3 young (3072K), 3 survivors (3072K)
 Metaspace       used 21264K, committed 21504K, reserved 1073152K
  class space    used 2711K, committed 2816K, reserved 1048576K
}
Event: 12.257 GC heap before
{Heap before GC invocations=8 (full 0):
 garbage-first heap   total 45056K, used 35800K [0x00000000c0000000, 0x0000000100000000)
  region size 1024K, 26 young (26624K), 3 survivors (3072K)
 Metaspace       used 25047K, committed 25344K, reserved 1073152K
  class space    used 3256K, committed 3392K, reserved 1048576K
}
Event: 12.274 GC heap after
{Heap after GC invocations=9 (full 0):
 garbage-first heap   total 45056K, used 14382K [0x00000000c0000000, 0x0000000100000000)
  region size 1024K, 3 young (3072K), 3 survivors (3072K)
 Metaspace       used 25047K, committed 25344K, reserved 1073152K
  class space    used 3256K, committed 3392K, reserved 1048576K
}
Event: 12.338 GC heap before
{Heap before GC invocations=9 (full 0):
 garbage-first heap   total 45056K, used 15406K [0x00000000c0000000, 0x0000000100000000)
  region size 1024K, 4 young (4096K), 3 survivors (3072K)
 Metaspace       used 25171K, committed 25472K, reserved 1073152K
  class space    used 3273K, committed 3456K, reserved 1048576K
}
Event: 12.346 GC heap after
{Heap after GC invocations=10 (full 0):
 garbage-first heap   total 45056K, used 14731K [0x00000000c0000000, 0x0000000100000000)
  region size 1024K, 1 young (1024K), 1 survivors (1024K)
 Metaspace       used 25171K, committed 25472K, reserved 1073152K
  class space    used 3273K, committed 3456K, reserved 1048576K
}

