# JRE version: Java(TM) SE Runtime Environment (17.0.7+8) (build 17.0.7+8-LTS-224)
# Java VM: Java HotSpot(TM) 64-Bit Server VM (17.0.7+8-LTS-224, mixed mode, sharing, tiered, compressed oops, compressed class ptrs, g1 gc, windows-amd64)
GC Precious Log:
 CPUs: 2 total, 2 available
 Memory: 4095M
 Large Page Support: Disabled
 NUMA Support: Disabled
 Compressed Oops: Enabled (32-bit)
 Heap Region Size: 1M
 Heap Min Capacity: 8M
 Heap Initial Capacity: 64M
 Heap Max Capacity: 1G
 Pre-touch: Disabled
 Parallel Workers: 2
 Concurrent Workers: 1
 Concurrent Refinement Workers: 2
 Periodic GC: Disabled
Heap:
 garbage-first heap   total 65536K, used 30513K [0x00000000c0000000, 0x0000000100000000)
  region size 1024K, 26 young (26624K), 3 survivors (3072K)
 Metaspace       used 17103K, committed 17344K, reserved 1064960K
  class space    used 2142K, committed 2240K, reserved 1048576K
GC Heap History (8 events):
Event: 4.188 GC heap before
{Heap before GC invocations=0 (full 0):
 garbage-first heap   total 65536K, used 7168K [0x00000000c0000000, 0x0000000100000000)
  region size 1024K, 6 young (6144K), 0 survivors (0K)
 Metaspace       used 771K, committed 896K, reserved 1056768K
  class space    used 46K, committed 128K, reserved 1048576K
}
Event: 4.202 GC heap after
{Heap after GC invocations=1 (full 0):
 garbage-first heap   total 65536K, used 4916K [0x00000000c0000000, 0x0000000100000000)
  region size 1024K, 1 young (1024K), 1 survivors (1024K)
 Metaspace       used 771K, committed 896K, reserved 1056768K
  class space    used 46K, committed 128K, reserved 1048576K
}
Event: 5.702 GC heap before
{Heap before GC invocations=1 (full 0):
 garbage-first heap   total 65536K, used 7988K [0x00000000c0000000, 0x0000000100000000)
  region size 1024K, 4 young (4096K), 1 survivors (1024K)
 Metaspace       used 1947K, committed 2112K, reserved 1056768K
  class space    used 171K, committed 256K, reserved 1048576K
}
Event: 5.707 GC heap after
{Heap after GC invocations=2 (full 0):
 garbage-first heap   total 65536K, used 6076K [0x00000000c0000000, 0x0000000100000000)
  region size 1024K, 1 young (1024K), 1 survivors (1024K)
 Metaspace       used 1947K, committed 2112K, reserved 1056768K
  class space    used 171K, committed 256K, reserved 1048576K
}
Event: 6.867 GC heap before
{Heap before GC invocations=2 (full 0):
 garbage-first heap   total 65536K, used 13244K [0x00000000c0000000, 0x0000000100000000)
  region size 1024K, 8 young (8192K), 1 survivors (1024K)
 Metaspace       used 4188K, committed 4352K, reserved 1056768K
  class space    used 446K, committed 576K, reserved 1048576K
}
Event: 6.872 GC heap after
{Heap after GC invocations=3 (full 0):
 garbage-first heap   total 65536K, used 6726K [0x00000000c0000000, 0x0000000100000000)
  region size 1024K, 1 young (1024K), 1 survivors (1024K)
 Metaspace       used 4188K, committed 4352K, reserved 1056768K
  class space    used 446K, committed 576K, reserved 1048576K
}
Event: 9.719 GC heap before
{Heap before GC invocations=3 (full 0):
 garbage-first heap   total 65536K, used 39494K [0x00000000c0000000, 0x0000000100000000)
  region size 1024K, 34 young (34816K), 1 survivors (1024K)
 Metaspace       used 12188K, committed 12416K, reserved 1064960K
  class space    used 1618K, committed 1728K, reserved 1048576K
}
Event: 9.728 GC heap after
{Heap after GC invocations=4 (full 0):
 garbage-first heap   total 65536K, used 9009K [0x00000000c0000000, 0x0000000100000000)
  region size 1024K, 3 young (3072K), 3 survivors (3072K)
 Metaspace       used 12188K, committed 12416K, reserved 1064960K
  class space    used 1618K, committed 1728K, reserved 1048576K
}

