# JRE version: Java(TM) SE Runtime Environment (17.0.7+8) (build 17.0.7+8-LTS-224)
# Java VM: Java HotSpot(TM) 64-Bit Server VM (17.0.7+8-LTS-224, mixed mode, sharing, tiered, compressed oops, compressed class ptrs, g1 gc, windows-amd64)
GC Precious Log:
 CPUs: 2 total, 2 available
 Memory: 4095M
 Large Page Support: Disabled
 NUMA Support: Disabled
 Compressed Oops: Enabled (32-bit)
 Heap Region Size: 1M
 Heap Min Capacity: 8M
 Heap Initial Capacity: 64M
 Heap Max Capacity: 1G
 Pre-touch: Disabled
 Parallel Workers: 2
 Concurrent Workers: 1
 Concurrent Refinement Workers: 2
 Periodic GC: Disabled
Heap:
 garbage-first heap   total 71680K, used 44462K [0x00000000c0000000, 0x0000000100000000)
  region size 1024K, 17 young (17408K), 3 survivors (3072K)
 Metaspace       used 68597K, committed 69056K, reserved 1114112K
  class space    used 8859K, committed 9088K, reserved 1048576K
GC Heap History (20 events):
Event: 1635.203 GC heap before
{Heap before GC invocations=61 (full 3):
 garbage-first heap   total 71680K, used 57625K [0x00000000c0000000, 0x0000000100000000)
  region size 1024K, 30 young (30720K), 3 survivors (3072K)
 Metaspace       used 66779K, committed 67264K, reserved 1114112K
  class space    used 8749K, committed 8960K, reserved 1048576K
}
Event: 1635.217 GC heap after
{Heap after GC invocations=62 (full 3):
 garbage-first heap   total 71680K, used 30741K [0x00000000c0000000, 0x0000000100000000)
  region size 1024K, 3 young (3072K), 3 survivors (3072K)
 Metaspace       used 66779K, committed 67264K, reserved 1114112K
  class space    used 8749K, committed 8960K, reserved 1048576K
}
Event: 1765.307 GC heap before
{Heap before GC invocations=62 (full 3):
 garbage-first heap   total 71680K, used 51221K [0x00000000c0000000, 0x0000000100000000)
  region size 1024K, 24 young (24576K), 3 survivors (3072K)
 Metaspace       used 66847K, committed 67328K, reserved 1114112K
  class space    used 8752K, committed 8960K, reserved 1048576K
}
Event: 1765.380 GC heap after
{Heap after GC invocations=63 (full 4):
 garbage-first heap   total 71680K, used 25282K [0x00000000c0000000, 0x0000000100000000)
  region size 1024K, 0 young (0K), 0 survivors (0K)
 Metaspace       used 66832K, committed 67328K, reserved 1114112K
  class space    used 8749K, committed 8960K, reserved 1048576K
}
Event: 1766.378 GC heap before
{Heap before GC invocations=63 (full 4):
 garbage-first heap   total 71680K, used 56002K [0x00000000c0000000, 0x0000000100000000)
  region size 1024K, 31 young (31744K), 0 survivors (0K)
 Metaspace       used 66996K, committed 67392K, reserved 1114112K
  class space    used 8767K, committed 8960K, reserved 1048576K
}
Event: 1766.384 GC heap after
{Heap after GC invocations=64 (full 4):
 garbage-first heap   total 71680K, used 27870K [0x00000000c0000000, 0x0000000100000000)
  region size 1024K, 3 young (3072K), 3 survivors (3072K)
 Metaspace       used 66996K, committed 67392K, reserved 1114112K
  class space    used 8767K, committed 8960K, reserved 1048576K
}
Event: 1766.984 GC heap before
{Heap before GC invocations=64 (full 4):
 garbage-first heap   total 71680K, used 55518K [0x00000000c0000000, 0x0000000100000000)
  region size 1024K, 31 young (31744K), 3 survivors (3072K)
 Metaspace       used 67333K, committed 67776K, reserved 1114112K
  class space    used 8777K, committed 8960K, reserved 1048576K
}
Event: 1766.994 GC heap after
{Heap after GC invocations=65 (full 4):
 garbage-first heap   total 71680K, used 29659K [0x00000000c0000000, 0x0000000100000000)
  region size 1024K, 2 young (2048K), 2 survivors (2048K)
 Metaspace       used 67333K, committed 67776K, reserved 1114112K
  class space    used 8777K, committed 8960K, reserved 1048576K
}
Event: 1767.301 GC heap before
{Heap before GC invocations=65 (full 4):
 garbage-first heap   total 71680K, used 56283K [0x00000000c0000000, 0x0000000100000000)
  region size 1024K, 28 young (28672K), 2 survivors (2048K)
 Metaspace       used 67562K, committed 68096K, reserved 1114112K
  class space    used 8791K, committed 9024K, reserved 1048576K
}
Event: 1767.308 GC heap after
{Heap after GC invocations=66 (full 4):
 garbage-first heap   total 71680K, used 30696K [0x00000000c0000000, 0x0000000100000000)
  region size 1024K, 3 young (3072K), 3 survivors (3072K)
 Metaspace       used 67562K, committed 68096K, reserved 1114112K
  class space    used 8791K, committed 9024K, reserved 1048576K
}
Event: 1937.623 GC heap before
{Heap before GC invocations=66 (full 4):
 garbage-first heap   total 71680K, used 57320K [0x00000000c0000000, 0x0000000100000000)
  region size 1024K, 29 young (29696K), 3 survivors (3072K)
 Metaspace       used 67675K, committed 68160K, reserved 1114112K
  class space    used 8793K, committed 9024K, reserved 1048576K
}
Event: 1937.648 GC heap after
{Heap after GC invocations=67 (full 4):
 garbage-first heap   total 71680K, used 31599K [0x00000000c0000000, 0x0000000100000000)
  region size 1024K, 3 young (3072K), 3 survivors (3072K)
 Metaspace       used 67675K, committed 68160K, reserved 1114112K
  class space    used 8793K, committed 9024K, reserved 1048576K
}
Event: 2074.194 GC heap before
{Heap before GC invocations=67 (full 4):
 garbage-first heap   total 71680K, used 41839K [0x00000000c0000000, 0x0000000100000000)
  region size 1024K, 14 young (14336K), 3 survivors (3072K)
 Metaspace       used 67876K, committed 68352K, reserved 1114112K
  class space    used 8808K, committed 9024K, reserved 1048576K
}
Event: 2074.276 GC heap after
{Heap after GC invocations=68 (full 5):
 garbage-first heap   total 71680K, used 25715K [0x00000000c0000000, 0x0000000100000000)
  region size 1024K, 0 young (0K), 0 survivors (0K)
 Metaspace       used 67860K, committed 68352K, reserved 1114112K
  class space    used 8806K, committed 9024K, reserved 1048576K
}
Event: 2076.472 GC heap before
{Heap before GC invocations=68 (full 5):
 garbage-first heap   total 71680K, used 57459K [0x00000000c0000000, 0x0000000100000000)
  region size 1024K, 31 young (31744K), 0 survivors (0K)
 Metaspace       used 68053K, committed 68544K, reserved 1114112K
  class space    used 8829K, committed 9024K, reserved 1048576K
}
Event: 2076.478 GC heap after
{Heap after GC invocations=69 (full 5):
 garbage-first heap   total 71680K, used 28209K [0x00000000c0000000, 0x0000000100000000)
  region size 1024K, 3 young (3072K), 3 survivors (3072K)
 Metaspace       used 68053K, committed 68544K, reserved 1114112K
  class space    used 8829K, committed 9024K, reserved 1048576K
}
Event: 2077.305 GC heap before
{Heap before GC invocations=69 (full 5):
 garbage-first heap   total 71680K, used 55857K [0x00000000c0000000, 0x0000000100000000)
  region size 1024K, 31 young (31744K), 3 survivors (3072K)
 Metaspace       used 68322K, committed 68800K, reserved 1114112K
  class space    used 8843K, committed 9088K, reserved 1048576K
}
Event: 2077.313 GC heap after
{Heap after GC invocations=70 (full 5):
 garbage-first heap   total 71680K, used 30101K [0x00000000c0000000, 0x0000000100000000)
  region size 1024K, 2 young (2048K), 2 survivors (2048K)
 Metaspace       used 68322K, committed 68800K, reserved 1114112K
  class space    used 8843K, committed 9088K, reserved 1048576K
}
Event: 2078.529 GC heap before
{Heap before GC invocations=70 (full 5):
 garbage-first heap   total 71680K, used 56725K [0x00000000c0000000, 0x0000000100000000)
  region size 1024K, 28 young (28672K), 2 survivors (2048K)
 Metaspace       used 68584K, committed 69056K, reserved 1114112K
  class space    used 8859K, committed 9088K, reserved 1048576K
}
Event: 2078.536 GC heap after
{Heap after GC invocations=71 (full 5):
 garbage-first heap   total 71680K, used 31150K [0x00000000c0000000, 0x0000000100000000)
  region size 1024K, 3 young (3072K), 3 survivors (3072K)
 Metaspace       used 68584K, committed 69056K, reserved 1114112K
  class space    used 8859K, committed 9088K, reserved 1048576K
}

